
*** Running vivado
    with args -log stopwatch_top.vds -m64 -product Vivado -mode batch -messageDb vivado.pb -notrace -source stopwatch_top.tcl



****** Vivado v2024.1 (64-bit)
  **** SW Build 5076996 on Wed May 22 18:37:14 MDT 2024
  **** IP Build 5075265 on Wed May 22 21:45:21 MDT 2024
  **** SharedData Build 5076995 on Wed May 22 18:29:18 MDT 2024
  **** Start of session at: Wed Nov 20 18:48:51 2024
    ** Copyright 1986-2022 Xilinx, Inc. All Rights Reserved.
    ** Copyright 2022-2024 Advanced Micro Devices, Inc. All Rights Reserved.

source stopwatch_top.tcl -notrace
create_project: Time (s): cpu = 00:00:05 ; elapsed = 00:00:07 . Memory (MB): peak = 487.020 ; gain = 202.043
Command: read_checkpoint -auto_incremental -incremental {D:/School/2024-2025/digi logic/lab6/lab6.srcs/utils_1/imports/synth_1/stopwatch_timer.dcp}
INFO: [Vivado 12-5825] Read reference checkpoint from D:/School/2024-2025/digi logic/lab6/lab6.srcs/utils_1/imports/synth_1/stopwatch_timer.dcp for incremental synthesis
INFO: [Vivado 12-7989] Please ensure there are no constraint changes
Command: synth_design -top stopwatch_top -part xc7a35tcpg236-1
Starting synth_design
Attempting to get a license for feature 'Synthesis' and/or device 'xc7a35t'
INFO: [Common 17-349] Got license for feature 'Synthesis' and/or device 'xc7a35t'
INFO: [Device 21-403] Loading part xc7a35tcpg236-1
INFO: [Device 21-9227] Part: xc7a35tcpg236-1 does not have CEAM library.
INFO: [Designutils 20-5440] No compile time benefit to using incremental synthesis; A full resynthesis will be run
INFO: [Designutils 20-4379] Flow is switching to default flow due to incremental criteria not met. If you would like to alter this behaviour and have the flow terminate instead, please set the following parameter config_implementation {autoIncr.Synth.RejectBehavior Terminate}
INFO: [Synth 8-7079] Multithreading enabled for synth_design using a maximum of 2 processes.
INFO: [Synth 8-7078] Launching helper process for spawning children vivado processes
INFO: [Synth 8-7075] Helper process launched with PID 24912
---------------------------------------------------------------------------------
Starting RTL Elaboration : Time (s): cpu = 00:00:04 ; elapsed = 00:00:06 . Memory (MB): peak = 1341.391 ; gain = 450.301
---------------------------------------------------------------------------------
INFO: [Synth 8-6157] synthesizing module 'stopwatch_top' [D:/School/2024-2025/digi logic/lab6/lab6.srcs/sources_1/new/stopwatch_timer.v:15]
INFO: [Synth 8-6157] synthesizing module 'clk_div' [D:/School/2024-2025/digi logic/lab6/lab6.srcs/sources_1/new/stopwatch_timer.v:252]
INFO: [Synth 8-6155] done synthesizing module 'clk_div' (0#1) [D:/School/2024-2025/digi logic/lab6/lab6.srcs/sources_1/new/stopwatch_timer.v:252]
INFO: [Synth 8-6157] synthesizing module 'num2display' [D:/School/2024-2025/digi logic/lab6/lab6.srcs/sources_1/new/stopwatch_timer.v:276]
INFO: [Synth 8-155] case statement is not full and has no default [D:/School/2024-2025/digi logic/lab6/lab6.srcs/sources_1/new/stopwatch_timer.v:282]
INFO: [Synth 8-6155] done synthesizing module 'num2display' (0#1) [D:/School/2024-2025/digi logic/lab6/lab6.srcs/sources_1/new/stopwatch_timer.v:276]
INFO: [Synth 8-6155] done synthesizing module 'stopwatch_top' (0#1) [D:/School/2024-2025/digi logic/lab6/lab6.srcs/sources_1/new/stopwatch_timer.v:15]
---------------------------------------------------------------------------------
Finished RTL Elaboration : Time (s): cpu = 00:00:05 ; elapsed = 00:00:08 . Memory (MB): peak = 1451.473 ; gain = 560.383
---------------------------------------------------------------------------------
---------------------------------------------------------------------------------
Start Handling Custom Attributes
---------------------------------------------------------------------------------
---------------------------------------------------------------------------------
Finished Handling Custom Attributes : Time (s): cpu = 00:00:05 ; elapsed = 00:00:08 . Memory (MB): peak = 1451.473 ; gain = 560.383
---------------------------------------------------------------------------------
---------------------------------------------------------------------------------
Finished RTL Optimization Phase 1 : Time (s): cpu = 00:00:05 ; elapsed = 00:00:08 . Memory (MB): peak = 1451.473 ; gain = 560.383
---------------------------------------------------------------------------------
Netlist sorting complete. Time (s): cpu = 00:00:00 ; elapsed = 00:00:00.003 . Memory (MB): peak = 1451.473 ; gain = 0.000
INFO: [Project 1-570] Preparing netlist for logic optimization

Processing XDC Constraints
Initializing timing engine
Parsing XDC File [D:/School/2024-2025/digi logic/Lab3/Lab3.srcs/constrs_1/imports/Downloads/Basys3_Master.xdc]
Finished Parsing XDC File [D:/School/2024-2025/digi logic/Lab3/Lab3.srcs/constrs_1/imports/Downloads/Basys3_Master.xdc]
INFO: [Project 1-236] Implementation specific constraints were found while reading constraint file [D:/School/2024-2025/digi logic/Lab3/Lab3.srcs/constrs_1/imports/Downloads/Basys3_Master.xdc]. These constraints will be ignored for synthesis but will be used in implementation. Impacted constraints are listed in the file [.Xil/stopwatch_top_propImpl.xdc].
Resolution: To avoid this warning, move constraints listed in [.Xil/stopwatch_top_propImpl.xdc] to another XDC file and exclude this new file from synthesis with the used_in_synthesis property (File Properties dialog in GUI) and re-run elaboration/synthesis.
Completed Processing XDC Constraints

Netlist sorting complete. Time (s): cpu = 00:00:00 ; elapsed = 00:00:00 . Memory (MB): peak = 1502.965 ; gain = 0.000
INFO: [Project 1-111] Unisim Transformation Summary:
No Unisim elements were transformed.

Constraint Validation Runtime : Time (s): cpu = 00:00:00 ; elapsed = 00:00:00.002 . Memory (MB): peak = 1502.965 ; gain = 0.000
INFO: [Designutils 20-5440] No compile time benefit to using incremental synthesis; A full resynthesis will be run
INFO: [Designutils 20-4379] Flow is switching to default flow due to incremental criteria not met. If you would like to alter this behaviour and have the flow terminate instead, please set the following parameter config_implementation {autoIncr.Synth.RejectBehavior Terminate}
---------------------------------------------------------------------------------
Finished Constraint Validation : Time (s): cpu = 00:00:11 ; elapsed = 00:00:16 . Memory (MB): peak = 1502.965 ; gain = 611.875
---------------------------------------------------------------------------------
---------------------------------------------------------------------------------
Start Loading Part and Timing Information
---------------------------------------------------------------------------------
Loading part: xc7a35tcpg236-1
---------------------------------------------------------------------------------
Finished Loading Part and Timing Information : Time (s): cpu = 00:00:11 ; elapsed = 00:00:16 . Memory (MB): peak = 1502.965 ; gain = 611.875
---------------------------------------------------------------------------------
---------------------------------------------------------------------------------
Start Applying 'set_property' XDC Constraints
---------------------------------------------------------------------------------
---------------------------------------------------------------------------------
Finished applying 'set_property' XDC Constraints : Time (s): cpu = 00:00:11 ; elapsed = 00:00:16 . Memory (MB): peak = 1502.965 ; gain = 611.875
---------------------------------------------------------------------------------
WARNING: [Synth 8-327] inferring latch for variable 'disp_reg' [D:/School/2024-2025/digi logic/lab6/lab6.srcs/sources_1/new/stopwatch_timer.v:283]
WARNING: [Synth 8-327] inferring latch for variable 'time_count_reg' [D:/School/2024-2025/digi logic/lab6/lab6.srcs/sources_1/new/stopwatch_timer.v:244]
---------------------------------------------------------------------------------
Finished RTL Optimization Phase 2 : Time (s): cpu = 00:00:11 ; elapsed = 00:00:16 . Memory (MB): peak = 1502.965 ; gain = 611.875
---------------------------------------------------------------------------------
---------------------------------------------------------------------------------
Start RTL Component Statistics 
---------------------------------------------------------------------------------
Detailed RTL Component Info : 
+---Adders : 
	   2 Input   20 Bit       Adders := 1     
	   2 Input   16 Bit       Adders := 1     
	   2 Input    4 Bit       Adders := 8     
	   2 Input    2 Bit       Adders := 1     
+---Registers : 
	               20 Bit    Registers := 1     
	               16 Bit    Registers := 2     
	                3 Bit    Registers := 1     
	                2 Bit    Registers := 1     
	                1 Bit    Registers := 3     
+---Muxes : 
	   2 Input   16 Bit        Muxes := 17    
	   4 Input   16 Bit        Muxes := 1     
	   4 Input    4 Bit        Muxes := 2     
	   2 Input    4 Bit        Muxes := 1     
	  11 Input    1 Bit        Muxes := 1     
	   3 Input    1 Bit        Muxes := 1     
	   2 Input    1 Bit        Muxes := 2     
---------------------------------------------------------------------------------
Finished RTL Component Statistics 
---------------------------------------------------------------------------------
---------------------------------------------------------------------------------
Start Part Resource Summary
---------------------------------------------------------------------------------
Part Resources:
DSPs: 90 (col length:60)
BRAMs: 100 (col length: RAMB18 60 RAMB36 30)
---------------------------------------------------------------------------------
Finished Part Resource Summary
---------------------------------------------------------------------------------
---------------------------------------------------------------------------------
Start Cross Boundary and Area Optimization
---------------------------------------------------------------------------------
WARNING: [Synth 8-7080] Parallel synthesis criteria is not met
---------------------------------------------------------------------------------
Finished Cross Boundary and Area Optimization : Time (s): cpu = 00:00:13 ; elapsed = 00:00:19 . Memory (MB): peak = 1502.965 ; gain = 611.875
---------------------------------------------------------------------------------
---------------------------------------------------------------------------------
Start Applying XDC Timing Constraints
---------------------------------------------------------------------------------
---------------------------------------------------------------------------------
Finished Applying XDC Timing Constraints : Time (s): cpu = 00:00:18 ; elapsed = 00:00:25 . Memory (MB): peak = 1502.965 ; gain = 611.875
---------------------------------------------------------------------------------
---------------------------------------------------------------------------------
Start Timing Optimization
---------------------------------------------------------------------------------
---------------------------------------------------------------------------------
Finished Timing Optimization : Time (s): cpu = 00:00:18 ; elapsed = 00:00:25 . Memory (MB): peak = 1502.965 ; gain = 611.875
---------------------------------------------------------------------------------
---------------------------------------------------------------------------------
Start Technology Mapping
---------------------------------------------------------------------------------
---------------------------------------------------------------------------------
Finished Technology Mapping : Time (s): cpu = 00:00:18 ; elapsed = 00:00:25 . Memory (MB): peak = 1502.965 ; gain = 611.875
---------------------------------------------------------------------------------
---------------------------------------------------------------------------------
Start IO Insertion
---------------------------------------------------------------------------------
---------------------------------------------------------------------------------
Start Flattening Before IO Insertion
---------------------------------------------------------------------------------
---------------------------------------------------------------------------------
Finished Flattening Before IO Insertion
---------------------------------------------------------------------------------
---------------------------------------------------------------------------------
Start Final Netlist Cleanup
---------------------------------------------------------------------------------
---------------------------------------------------------------------------------
Finished Final Netlist Cleanup
---------------------------------------------------------------------------------
---------------------------------------------------------------------------------
Finished IO Insertion : Time (s): cpu = 00:00:21 ; elapsed = 00:00:30 . Memory (MB): peak = 1502.965 ; gain = 611.875
---------------------------------------------------------------------------------
---------------------------------------------------------------------------------
Start Renaming Generated Instances
---------------------------------------------------------------------------------
---------------------------------------------------------------------------------
Finished Renaming Generated Instances : Time (s): cpu = 00:00:21 ; elapsed = 00:00:30 . Memory (MB): peak = 1502.965 ; gain = 611.875
---------------------------------------------------------------------------------
CRITICAL WARNING: [Synth 8-6859] multi-driven net on pin time_count[15] with 1st driver pin 'time_count_reg[15]__0/Q' [D:/School/2024-2025/digi logic/lab6/lab6.srcs/sources_1/new/stopwatch_timer.v:80]
CRITICAL WARNING: [Synth 8-6859] multi-driven net on pin time_count[15] with 2nd driver pin 'time_count_reg[15]/Q' [D:/School/2024-2025/digi logic/lab6/lab6.srcs/sources_1/new/stopwatch_timer.v:244]
CRITICAL WARNING: [Synth 8-6859] multi-driven net on pin time_count[14] with 1st driver pin 'time_count_reg[14]__0/Q' [D:/School/2024-2025/digi logic/lab6/lab6.srcs/sources_1/new/stopwatch_timer.v:80]
CRITICAL WARNING: [Synth 8-6859] multi-driven net on pin time_count[14] with 2nd driver pin 'time_count_reg[14]/Q' [D:/School/2024-2025/digi logic/lab6/lab6.srcs/sources_1/new/stopwatch_timer.v:244]
CRITICAL WARNING: [Synth 8-6859] multi-driven net on pin time_count[13] with 1st driver pin 'time_count_reg[13]__0/Q' [D:/School/2024-2025/digi logic/lab6/lab6.srcs/sources_1/new/stopwatch_timer.v:80]
CRITICAL WARNING: [Synth 8-6859] multi-driven net on pin time_count[13] with 2nd driver pin 'time_count_reg[13]/Q' [D:/School/2024-2025/digi logic/lab6/lab6.srcs/sources_1/new/stopwatch_timer.v:244]
CRITICAL WARNING: [Synth 8-6859] multi-driven net on pin time_count[12] with 1st driver pin 'time_count_reg[12]__0/Q' [D:/School/2024-2025/digi logic/lab6/lab6.srcs/sources_1/new/stopwatch_timer.v:80]
CRITICAL WARNING: [Synth 8-6859] multi-driven net on pin time_count[12] with 2nd driver pin 'time_count_reg[12]/Q' [D:/School/2024-2025/digi logic/lab6/lab6.srcs/sources_1/new/stopwatch_timer.v:244]
CRITICAL WARNING: [Synth 8-6859] multi-driven net on pin time_count[11] with 1st driver pin 'time_count_reg[11]__0/Q' [D:/School/2024-2025/digi logic/lab6/lab6.srcs/sources_1/new/stopwatch_timer.v:80]
CRITICAL WARNING: [Synth 8-6859] multi-driven net on pin time_count[11] with 2nd driver pin 'time_count_reg[11]/Q' [D:/School/2024-2025/digi logic/lab6/lab6.srcs/sources_1/new/stopwatch_timer.v:244]
CRITICAL WARNING: [Synth 8-6859] multi-driven net on pin time_count[10] with 1st driver pin 'time_count_reg[10]__0/Q' [D:/School/2024-2025/digi logic/lab6/lab6.srcs/sources_1/new/stopwatch_timer.v:80]
CRITICAL WARNING: [Synth 8-6859] multi-driven net on pin time_count[10] with 2nd driver pin 'time_count_reg[10]/Q' [D:/School/2024-2025/digi logic/lab6/lab6.srcs/sources_1/new/stopwatch_timer.v:244]
CRITICAL WARNING: [Synth 8-6859] multi-driven net on pin time_count[9] with 1st driver pin 'time_count_reg[9]__0/Q' [D:/School/2024-2025/digi logic/lab6/lab6.srcs/sources_1/new/stopwatch_timer.v:80]
CRITICAL WARNING: [Synth 8-6859] multi-driven net on pin time_count[9] with 2nd driver pin 'time_count_reg[9]/Q' [D:/School/2024-2025/digi logic/lab6/lab6.srcs/sources_1/new/stopwatch_timer.v:244]
CRITICAL WARNING: [Synth 8-6859] multi-driven net on pin time_count[8] with 1st driver pin 'time_count_reg[8]__0/Q' [D:/School/2024-2025/digi logic/lab6/lab6.srcs/sources_1/new/stopwatch_timer.v:80]
CRITICAL WARNING: [Synth 8-6859] multi-driven net on pin time_count[8] with 2nd driver pin 'time_count_reg[8]/Q' [D:/School/2024-2025/digi logic/lab6/lab6.srcs/sources_1/new/stopwatch_timer.v:244]
CRITICAL WARNING: [Synth 8-6859] multi-driven net on pin time_count[7] with 1st driver pin 'time_count_reg[7]__0/Q' [D:/School/2024-2025/digi logic/lab6/lab6.srcs/sources_1/new/stopwatch_timer.v:80]
CRITICAL WARNING: [Synth 8-6859] multi-driven net on pin time_count[7] with 2nd driver pin 'time_count_reg[7]/Q' [D:/School/2024-2025/digi logic/lab6/lab6.srcs/sources_1/new/stopwatch_timer.v:244]
CRITICAL WARNING: [Synth 8-6859] multi-driven net on pin time_count[6] with 1st driver pin 'time_count_reg[6]__0/Q' [D:/School/2024-2025/digi logic/lab6/lab6.srcs/sources_1/new/stopwatch_timer.v:80]
CRITICAL WARNING: [Synth 8-6859] multi-driven net on pin time_count[6] with 2nd driver pin 'time_count_reg[6]/Q' [D:/School/2024-2025/digi logic/lab6/lab6.srcs/sources_1/new/stopwatch_timer.v:244]
CRITICAL WARNING: [Synth 8-6859] multi-driven net on pin time_count[5] with 1st driver pin 'time_count_reg[5]__0/Q' [D:/School/2024-2025/digi logic/lab6/lab6.srcs/sources_1/new/stopwatch_timer.v:80]
CRITICAL WARNING: [Synth 8-6859] multi-driven net on pin time_count[5] with 2nd driver pin 'time_count_reg[5]/Q' [D:/School/2024-2025/digi logic/lab6/lab6.srcs/sources_1/new/stopwatch_timer.v:244]
CRITICAL WARNING: [Synth 8-6859] multi-driven net on pin time_count[4] with 1st driver pin 'time_count_reg[4]__0/Q' [D:/School/2024-2025/digi logic/lab6/lab6.srcs/sources_1/new/stopwatch_timer.v:80]
CRITICAL WARNING: [Synth 8-6859] multi-driven net on pin time_count[4] with 2nd driver pin 'time_count_reg[4]/Q' [D:/School/2024-2025/digi logic/lab6/lab6.srcs/sources_1/new/stopwatch_timer.v:244]
CRITICAL WARNING: [Synth 8-6859] multi-driven net on pin time_count[3] with 1st driver pin 'time_count_reg[3]__0/Q' [D:/School/2024-2025/digi logic/lab6/lab6.srcs/sources_1/new/stopwatch_timer.v:80]
CRITICAL WARNING: [Synth 8-6859] multi-driven net on pin time_count[3] with 2nd driver pin 'time_count_reg[3]/Q' [D:/School/2024-2025/digi logic/lab6/lab6.srcs/sources_1/new/stopwatch_timer.v:244]
CRITICAL WARNING: [Synth 8-6859] multi-driven net on pin time_count[2] with 1st driver pin 'time_count_reg[2]__0/Q' [D:/School/2024-2025/digi logic/lab6/lab6.srcs/sources_1/new/stopwatch_timer.v:80]
CRITICAL WARNING: [Synth 8-6859] multi-driven net on pin time_count[2] with 2nd driver pin 'time_count_reg[2]/Q' [D:/School/2024-2025/digi logic/lab6/lab6.srcs/sources_1/new/stopwatch_timer.v:244]
CRITICAL WARNING: [Synth 8-6859] multi-driven net on pin time_count[1] with 1st driver pin 'time_count_reg[1]__0/Q' [D:/School/2024-2025/digi logic/lab6/lab6.srcs/sources_1/new/stopwatch_timer.v:80]
CRITICAL WARNING: [Synth 8-6859] multi-driven net on pin time_count[1] with 2nd driver pin 'time_count_reg[1]/Q' [D:/School/2024-2025/digi logic/lab6/lab6.srcs/sources_1/new/stopwatch_timer.v:244]
CRITICAL WARNING: [Synth 8-6859] multi-driven net on pin time_count[0] with 1st driver pin 'time_count_reg[0]__0/Q' [D:/School/2024-2025/digi logic/lab6/lab6.srcs/sources_1/new/stopwatch_timer.v:80]
CRITICAL WARNING: [Synth 8-6859] multi-driven net on pin time_count[0] with 2nd driver pin 'time_count_reg[0]/Q' [D:/School/2024-2025/digi logic/lab6/lab6.srcs/sources_1/new/stopwatch_timer.v:244]

Report Check Netlist: 
+------+------------------+-------+---------+-------+------------------+
|      |Item              |Errors |Warnings |Status |Description       |
+------+------------------+-------+---------+-------+------------------+
|1     |multi_driven_nets |      0|       16|Failed |Multi driven nets |
+------+------------------+-------+---------+-------+------------------+
---------------------------------------------------------------------------------
Start Rebuilding User Hierarchy
---------------------------------------------------------------------------------
---------------------------------------------------------------------------------
Finished Rebuilding User Hierarchy : Time (s): cpu = 00:00:21 ; elapsed = 00:00:30 . Memory (MB): peak = 1502.965 ; gain = 611.875
---------------------------------------------------------------------------------
---------------------------------------------------------------------------------
Start Renaming Generated Ports
---------------------------------------------------------------------------------
---------------------------------------------------------------------------------
Finished Renaming Generated Ports : Time (s): cpu = 00:00:21 ; elapsed = 00:00:30 . Memory (MB): peak = 1502.965 ; gain = 611.875
---------------------------------------------------------------------------------
---------------------------------------------------------------------------------
Start Handling Custom Attributes
---------------------------------------------------------------------------------
---------------------------------------------------------------------------------
Finished Handling Custom Attributes : Time (s): cpu = 00:00:21 ; elapsed = 00:00:30 . Memory (MB): peak = 1502.965 ; gain = 611.875
---------------------------------------------------------------------------------
---------------------------------------------------------------------------------
Start Renaming Generated Nets
---------------------------------------------------------------------------------
---------------------------------------------------------------------------------
Finished Renaming Generated Nets : Time (s): cpu = 00:00:21 ; elapsed = 00:00:30 . Memory (MB): peak = 1502.965 ; gain = 611.875
---------------------------------------------------------------------------------
---------------------------------------------------------------------------------
Start Writing Synthesis Report
---------------------------------------------------------------------------------

Report BlackBoxes: 
+-+--------------+----------+
| |BlackBox name |Instances |
+-+--------------+----------+
+-+--------------+----------+

Report Cell Usage: 
+------+-------+------+
|      |Cell   |Count |
+------+-------+------+
|1     |BUFG   |     1|
|2     |CARRY4 |    10|
|3     |LUT1   |     2|
|4     |LUT2   |    43|
|5     |LUT3   |     4|
|6     |LUT4   |    35|
|7     |LUT5   |    12|
|8     |LUT6   |    29|
|9     |FDCE   |    68|
|10    |LD     |    23|
|11    |IBUF   |    13|
|12    |OBUF   |    12|
+------+-------+------+
---------------------------------------------------------------------------------
Finished Writing Synthesis Report : Time (s): cpu = 00:00:21 ; elapsed = 00:00:30 . Memory (MB): peak = 1502.965 ; gain = 611.875
---------------------------------------------------------------------------------
Synthesis finished with 0 errors, 32 critical warnings and 3 warnings.
Synthesis Optimization Runtime : Time (s): cpu = 00:00:15 ; elapsed = 00:00:28 . Memory (MB): peak = 1502.965 ; gain = 560.383
Synthesis Optimization Complete : Time (s): cpu = 00:00:22 ; elapsed = 00:00:30 . Memory (MB): peak = 1502.965 ; gain = 611.875
INFO: [Project 1-571] Translating synthesized netlist
Netlist sorting complete. Time (s): cpu = 00:00:00 ; elapsed = 00:00:00.003 . Memory (MB): peak = 1502.965 ; gain = 0.000
INFO: [Netlist 29-17] Analyzing 33 Unisim elements for replacement
INFO: [Netlist 29-28] Unisim Transformation completed in 0 CPU seconds
INFO: [Project 1-570] Preparing netlist for logic optimization
INFO: [Opt 31-138] Pushed 0 inverter(s) to 0 load pin(s).
Netlist sorting complete. Time (s): cpu = 00:00:00 ; elapsed = 00:00:00 . Memory (MB): peak = 1502.965 ; gain = 0.000
INFO: [Project 1-111] Unisim Transformation Summary:
  A total of 23 instances were transformed.
  LD => LDCE: 23 instances

Synth Design complete | Checksum: 3b75748d
INFO: [Common 17-83] Releasing license: Synthesis
29 Infos, 3 Warnings, 32 Critical Warnings and 0 Errors encountered.
synth_design completed successfully
synth_design: Time (s): cpu = 00:00:26 ; elapsed = 00:00:36 . Memory (MB): peak = 1502.965 ; gain = 1011.332
INFO: [runtcl-6] Synthesis results are not added to the cache due to CRITICAL_WARNING
Write ShapeDB Complete: Time (s): cpu = 00:00:00 ; elapsed = 00:00:00.001 . Memory (MB): peak = 1502.965 ; gain = 0.000
INFO: [Common 17-1381] The checkpoint 'D:/School/2024-2025/digi logic/lab6/lab6.runs/synth_1/stopwatch_top.dcp' has been generated.
INFO: [Vivado 12-24828] Executing command : report_utilization -file stopwatch_top_utilization_synth.rpt -pb stopwatch_top_utilization_synth.pb
INFO: [Common 17-206] Exiting Vivado at Wed Nov 20 18:49:36 2024...
